<?xml version="1.0" encoding="UTF-8"?>
<coverage generated="1745432642459" clover="3.2.0">
  <project timestamp="1745432642459" name="All files">
    <metrics statements="57" coveredstatements="54" conditionals="29" coveredconditionals="29" methods="10" coveredmethods="10" elements="96" coveredelements="93" complexity="0" loc="57" ncloc="57" packages="2" files="4" classes="4"/>
    <package name="src">
      <metrics statements="36" coveredstatements="33" conditionals="16" coveredconditionals="16" methods="6" coveredmethods="6"/>
      <file name="makeDiff.js" path="/Users/bulatgalimanov/backend-project-46/src/makeDiff.js">
        <metrics statements="24" coveredstatements="24" conditionals="16" coveredconditionals="16" methods="3" coveredmethods="3"/>
        <line num="6" count="1" type="stmt"/>
        <line num="7" count="20" type="stmt"/>
        <line num="9" count="20" type="stmt"/>
        <line num="10" count="72" type="stmt"/>
        <line num="11" count="72" type="stmt"/>
        <line num="13" count="72" type="stmt"/>
        <line num="14" count="72" type="stmt"/>
        <line num="16" count="72" type="cond" truecount="4" falsecount="0"/>
        <line num="17" count="44" type="cond" truecount="2" falsecount="0"/>
        <line num="19" count="44" type="cond" truecount="2" falsecount="0"/>
        <line num="20" count="16" type="stmt"/>
        <line num="21" count="28" type="cond" truecount="2" falsecount="0"/>
        <line num="22" count="12" type="stmt"/>
        <line num="24" count="16" type="stmt"/>
        <line num="26" count="28" type="cond" truecount="2" falsecount="0"/>
        <line num="27" count="8" type="stmt"/>
        <line num="29" count="20" type="stmt"/>
        <line num="32" count="72" type="stmt"/>
        <line num="37" count="4" type="stmt"/>
        <line num="38" count="4" type="cond" truecount="2" falsecount="0"/>
        <line num="39" count="4" type="stmt"/>
        <line num="40" count="4" type="cond" truecount="2" falsecount="0"/>
        <line num="42" count="4" type="stmt"/>
        <line num="43" count="4" type="stmt"/>
      </file>
      <file name="parse.js" path="/Users/bulatgalimanov/backend-project-46/src/parse.js">
        <metrics statements="8" coveredstatements="6" conditionals="0" coveredconditionals="0" methods="2" coveredmethods="2"/>
        <line num="3" count="1" type="stmt"/>
        <line num="4" count="4" type="stmt"/>
        <line num="5" count="4" type="stmt"/>
        <line num="7" count="0" type="stmt"/>
        <line num="11" count="1" type="stmt"/>
        <line num="12" count="4" type="stmt"/>
        <line num="13" count="4" type="stmt"/>
        <line num="15" count="0" type="stmt"/>
      </file>
      <file name="readFile.js" path="/Users/bulatgalimanov/backend-project-46/src/readFile.js">
        <metrics statements="4" coveredstatements="3" conditionals="0" coveredconditionals="0" methods="1" coveredmethods="1"/>
        <line num="6" count="12" type="stmt"/>
        <line num="7" count="12" type="stmt"/>
        <line num="8" count="12" type="stmt"/>
        <line num="10" count="0" type="stmt"/>
      </file>
    </package>
    <package name="src.options">
      <metrics statements="21" coveredstatements="21" conditionals="13" coveredconditionals="13" methods="4" coveredmethods="4"/>
      <file name="makeDefault.js" path="/Users/bulatgalimanov/backend-project-46/src/options/makeDefault.js">
        <metrics statements="21" coveredstatements="21" conditionals="13" coveredconditionals="13" methods="4" coveredmethods="4"/>
        <line num="3" count="1" type="stmt"/>
        <line num="4" count="1" type="stmt"/>
        <line num="5" count="1" type="stmt"/>
        <line num="7" count="48" type="stmt"/>
        <line num="10" count="4" type="cond" truecount="1" falsecount="0"/>
        <line num="11" count="128" type="cond" truecount="2" falsecount="0"/>
        <line num="12" count="80" type="stmt"/>
        <line num="15" count="48" type="stmt"/>
        <line num="16" count="48" type="stmt"/>
        <line num="18" count="48" type="stmt"/>
        <line num="19" count="108" type="cond" truecount="2" falsecount="0"/>
        <line num="20" count="28" type="stmt"/>
        <line num="23" count="80" type="cond" truecount="4" falsecount="0"/>
        <line num="24" count="16" type="stmt"/>
        <line num="30" count="64" type="cond" truecount="2" falsecount="0"/>
        <line num="31" count="20" type="stmt"/>
        <line num="34" count="44" type="cond" truecount="2" falsecount="0"/>
        <line num="35" count="8" type="stmt"/>
        <line num="38" count="36" type="stmt"/>
        <line num="41" count="48" type="stmt"/>
        <line num="44" count="4" type="stmt"/>
      </file>
    </package>
  </project>
</coverage>
