{"/Users/bulatgalimanov/backend-project-46/src/makeDiff.js": {"path":"/Users/bulatgalimanov/backend-project-46/src/makeDiff.js","statementMap":{"0":{"start":{"line":6,"column":22},"end":{"line":34,"column":1}},"1":{"start":{"line":7,"column":18},"end":{"line":7,"column":79}},"2":{"start":{"line":9,"column":2},"end":{"line":33,"column":9}},"3":{"start":{"line":10,"column":21},"end":{"line":10,"column":49}},"4":{"start":{"line":11,"column":22},"end":{"line":11,"column":51}},"5":{"start":{"line":13,"column":17},"end":{"line":13,"column":30}},"6":{"start":{"line":14,"column":17},"end":{"line":14,"column":31}},"7":{"start":{"line":16,"column":4},"end":{"line":30,"column":5}},"8":{"start":{"line":17,"column":29},"end":{"line":17,"column":75}},"9":{"start":{"line":19,"column":6},"end":{"line":25,"column":7}},"10":{"start":{"line":20,"column":8},"end":{"line":20,"column":62}},"11":{"start":{"line":21,"column":13},"end":{"line":25,"column":7}},"12":{"start":{"line":22,"column":8},"end":{"line":22,"column":41}},"13":{"start":{"line":24,"column":8},"end":{"line":24,"column":54}},"14":{"start":{"line":26,"column":11},"end":{"line":30,"column":5}},"15":{"start":{"line":27,"column":6},"end":{"line":27,"column":36}},"16":{"start":{"line":29,"column":6},"end":{"line":29,"column":36}},"17":{"start":{"line":32,"column":4},"end":{"line":32,"column":15}},"18":{"start":{"line":37,"column":20},"end":{"line":37,"column":43}},"19":{"start":{"line":38,"column":19},"end":{"line":38,"column":103}},"20":{"start":{"line":39,"column":21},"end":{"line":39,"column":45}},"21":{"start":{"line":40,"column":20},"end":{"line":40,"column":107}},"22":{"start":{"line":42,"column":22},"end":{"line":42,"column":56}},"23":{"start":{"line":43,"column":2},"end":{"line":43,"column":34}}},"fnMap":{"0":{"name":"(anonymous_0)","decl":{"start":{"line":6,"column":22},"end":{"line":6,"column":23}},"loc":{"start":{"line":6,"column":47},"end":{"line":34,"column":1}},"line":6},"1":{"name":"(anonymous_1)","decl":{"start":{"line":9,"column":24},"end":{"line":9,"column":25}},"loc":{"start":{"line":9,"column":38},"end":{"line":33,"column":3}},"line":9},"2":{"name":"(anonymous_2)","decl":{"start":{"line":36,"column":15},"end":{"line":36,"column":16}},"loc":{"start":{"line":36,"column":50},"end":{"line":44,"column":1}},"line":36}},"branchMap":{"0":{"loc":{"start":{"line":16,"column":4},"end":{"line":30,"column":5}},"type":"if","locations":[{"start":{"line":16,"column":4},"end":{"line":30,"column":5}},{"start":{"line":26,"column":11},"end":{"line":30,"column":5}}],"line":16},"1":{"loc":{"start":{"line":16,"column":8},"end":{"line":16,"column":29}},"type":"binary-expr","locations":[{"start":{"line":16,"column":8},"end":{"line":16,"column":16}},{"start":{"line":16,"column":20},"end":{"line":16,"column":29}}],"line":16},"2":{"loc":{"start":{"line":17,"column":29},"end":{"line":17,"column":75}},"type":"binary-expr","locations":[{"start":{"line":17,"column":29},"end":{"line":17,"column":50}},{"start":{"line":17,"column":54},"end":{"line":17,"column":75}}],"line":17},"3":{"loc":{"start":{"line":19,"column":6},"end":{"line":25,"column":7}},"type":"if","locations":[{"start":{"line":19,"column":6},"end":{"line":25,"column":7}},{"start":{"line":21,"column":13},"end":{"line":25,"column":7}}],"line":19},"4":{"loc":{"start":{"line":21,"column":13},"end":{"line":25,"column":7}},"type":"if","locations":[{"start":{"line":21,"column":13},"end":{"line":25,"column":7}},{"start":{"line":23,"column":13},"end":{"line":25,"column":7}}],"line":21},"5":{"loc":{"start":{"line":26,"column":11},"end":{"line":30,"column":5}},"type":"if","locations":[{"start":{"line":26,"column":11},"end":{"line":30,"column":5}},{"start":{"line":28,"column":11},"end":{"line":30,"column":5}}],"line":26},"6":{"loc":{"start":{"line":38,"column":19},"end":{"line":38,"column":103}},"type":"cond-expr","locations":[{"start":{"line":38,"column":60},"end":{"line":38,"column":80}},{"start":{"line":38,"column":83},"end":{"line":38,"column":103}}],"line":38},"7":{"loc":{"start":{"line":40,"column":20},"end":{"line":40,"column":107}},"type":"cond-expr","locations":[{"start":{"line":40,"column":62},"end":{"line":40,"column":83}},{"start":{"line":40,"column":86},"end":{"line":40,"column":107}}],"line":40}},"s":{"0":1,"1":20,"2":20,"3":72,"4":72,"5":72,"6":72,"7":72,"8":44,"9":44,"10":16,"11":28,"12":12,"13":16,"14":28,"15":8,"16":20,"17":72,"18":4,"19":4,"20":4,"21":4,"22":4,"23":4},"f":{"0":20,"1":72,"2":4},"b":{"0":[44,28],"1":[72,52],"2":[44,20],"3":[16,28],"4":[12,16],"5":[8,20],"6":[2,2],"7":[2,2]},"inputSourceMap":null,"_coverageSchema":"1a1c01bbd47fc00a2c39e90264f33305004495a9","hash":"a27d5d49567dccd0029d1921289290edb45a85d4"}
,"/Users/bulatgalimanov/backend-project-46/src/parse.js": {"path":"/Users/bulatgalimanov/backend-project-46/src/parse.js","statementMap":{"0":{"start":{"line":3,"column":25},"end":{"line":9,"column":1}},"1":{"start":{"line":4,"column":2},"end":{"line":8,"column":3}},"2":{"start":{"line":5,"column":4},"end":{"line":5,"column":28}},"3":{"start":{"line":7,"column":4},"end":{"line":7,"column":73}},"4":{"start":{"line":11,"column":25},"end":{"line":17,"column":1}},"5":{"start":{"line":12,"column":2},"end":{"line":16,"column":3}},"6":{"start":{"line":13,"column":4},"end":{"line":13,"column":26}},"7":{"start":{"line":15,"column":4},"end":{"line":15,"column":72}}},"fnMap":{"0":{"name":"(anonymous_0)","decl":{"start":{"line":3,"column":25},"end":{"line":3,"column":26}},"loc":{"start":{"line":3,"column":35},"end":{"line":9,"column":1}},"line":3},"1":{"name":"(anonymous_1)","decl":{"start":{"line":11,"column":25},"end":{"line":11,"column":26}},"loc":{"start":{"line":11,"column":34},"end":{"line":17,"column":1}},"line":11}},"branchMap":{},"s":{"0":1,"1":4,"2":4,"3":0,"4":1,"5":4,"6":4,"7":0},"f":{"0":4,"1":4},"b":{},"inputSourceMap":null,"_coverageSchema":"1a1c01bbd47fc00a2c39e90264f33305004495a9","hash":"78a8c7eede038389feda14ea85d3afa5d3423acf"}
,"/Users/bulatgalimanov/backend-project-46/src/readFile.js": {"path":"/Users/bulatgalimanov/backend-project-46/src/readFile.js","statementMap":{"0":{"start":{"line":6,"column":2},"end":{"line":11,"column":3}},"1":{"start":{"line":7,"column":16},"end":{"line":7,"column":21}},"2":{"start":{"line":8,"column":4},"end":{"line":8,"column":62}},"3":{"start":{"line":10,"column":4},"end":{"line":10,"column":76}}},"fnMap":{"0":{"name":"(anonymous_0)","decl":{"start":{"line":5,"column":15},"end":{"line":5,"column":16}},"loc":{"start":{"line":5,"column":29},"end":{"line":12,"column":1}},"line":5}},"branchMap":{},"s":{"0":12,"1":12,"2":12,"3":0},"f":{"0":12},"b":{},"inputSourceMap":null,"_coverageSchema":"1a1c01bbd47fc00a2c39e90264f33305004495a9","hash":"f20e79fb76cbe4c3b18b0b9101de907ccac716bf"}
,"/Users/bulatgalimanov/backend-project-46/src/options/makeDefault.js": {"path":"/Users/bulatgalimanov/backend-project-46/src/options/makeDefault.js","statementMap":{"0":{"start":{"line":3,"column":20},"end":{"line":3,"column":21}},"1":{"start":{"line":4,"column":25},"end":{"line":4,"column":29}},"2":{"start":{"line":5,"column":25},"end":{"line":5,"column":29}},"3":{"start":{"line":7,"column":18},"end":{"line":7,"column":60}},"4":{"start":{"line":7,"column":29},"end":{"line":7,"column":60}},"5":{"start":{"line":10,"column":15},"end":{"line":42,"column":3}},"6":{"start":{"line":11,"column":4},"end":{"line":13,"column":5}},"7":{"start":{"line":12,"column":6},"end":{"line":12,"column":34}},"8":{"start":{"line":15,"column":19},"end":{"line":15,"column":54}},"9":{"start":{"line":16,"column":26},"end":{"line":16,"column":46}},"10":{"start":{"line":18,"column":18},"end":{"line":39,"column":6}},"11":{"start":{"line":19,"column":6},"end":{"line":21,"column":7}},"12":{"start":{"line":20,"column":8},"end":{"line":20,"column":72}},"13":{"start":{"line":23,"column":6},"end":{"line":28,"column":7}},"14":{"start":{"line":24,"column":8},"end":{"line":27,"column":10}},"15":{"start":{"line":30,"column":6},"end":{"line":32,"column":7}},"16":{"start":{"line":31,"column":8},"end":{"line":31,"column":86}},"17":{"start":{"line":34,"column":6},"end":{"line":36,"column":7}},"18":{"start":{"line":35,"column":8},"end":{"line":35,"column":86}},"19":{"start":{"line":38,"column":6},"end":{"line":38,"column":58}},"20":{"start":{"line":41,"column":4},"end":{"line":41,"column":59}},"21":{"start":{"line":44,"column":2},"end":{"line":44,"column":19}}},"fnMap":{"0":{"name":"(anonymous_0)","decl":{"start":{"line":7,"column":18},"end":{"line":7,"column":19}},"loc":{"start":{"line":7,"column":29},"end":{"line":7,"column":60}},"line":7},"1":{"name":"(anonymous_1)","decl":{"start":{"line":9,"column":15},"end":{"line":9,"column":16}},"loc":{"start":{"line":9,"column":24},"end":{"line":45,"column":1}},"line":9},"2":{"name":"(anonymous_2)","decl":{"start":{"line":10,"column":15},"end":{"line":10,"column":16}},"loc":{"start":{"line":10,"column":44},"end":{"line":42,"column":3}},"line":10},"3":{"name":"(anonymous_3)","decl":{"start":{"line":18,"column":55},"end":{"line":18,"column":56}},"loc":{"start":{"line":18,"column":71},"end":{"line":39,"column":5}},"line":18}},"branchMap":{"0":{"loc":{"start":{"line":10,"column":30},"end":{"line":10,"column":39}},"type":"default-arg","locations":[{"start":{"line":10,"column":38},"end":{"line":10,"column":39}}],"line":10},"1":{"loc":{"start":{"line":11,"column":4},"end":{"line":13,"column":5}},"type":"if","locations":[{"start":{"line":11,"column":4},"end":{"line":13,"column":5}},{"start":{},"end":{}}],"line":11},"2":{"loc":{"start":{"line":19,"column":6},"end":{"line":21,"column":7}},"type":"if","locations":[{"start":{"line":19,"column":6},"end":{"line":21,"column":7}},{"start":{},"end":{}}],"line":19},"3":{"loc":{"start":{"line":23,"column":6},"end":{"line":28,"column":7}},"type":"if","locations":[{"start":{"line":23,"column":6},"end":{"line":28,"column":7}},{"start":{},"end":{}}],"line":23},"4":{"loc":{"start":{"line":23,"column":10},"end":{"line":23,"column":58}},"type":"binary-expr","locations":[{"start":{"line":23,"column":10},"end":{"line":23,"column":32}},{"start":{"line":23,"column":36},"end":{"line":23,"column":58}}],"line":23},"5":{"loc":{"start":{"line":30,"column":6},"end":{"line":32,"column":7}},"type":"if","locations":[{"start":{"line":30,"column":6},"end":{"line":32,"column":7}},{"start":{},"end":{}}],"line":30},"6":{"loc":{"start":{"line":34,"column":6},"end":{"line":36,"column":7}},"type":"if","locations":[{"start":{"line":34,"column":6},"end":{"line":36,"column":7}},{"start":{},"end":{}}],"line":34}},"s":{"0":1,"1":1,"2":1,"3":1,"4":48,"5":4,"6":128,"7":80,"8":48,"9":48,"10":48,"11":108,"12":28,"13":80,"14":16,"15":64,"16":20,"17":44,"18":8,"19":36,"20":48,"21":4},"f":{"0":48,"1":4,"2":128,"3":108},"b":{"0":[4],"1":[80,48],"2":[28,80],"3":[16,64],"4":[80,36],"5":[20,44],"6":[8,36]},"inputSourceMap":null,"_coverageSchema":"1a1c01bbd47fc00a2c39e90264f33305004495a9","hash":"3daa6f5c767be14cd4ab15a714b17775846db638"}
}
