TN:
SF:src/makeDiff.js
FN:6,(anonymous_0)
FN:9,(anonymous_1)
FN:36,(anonymous_2)
FNF:3
FNH:3
FNDA:20,(anonymous_0)
FNDA:72,(anonymous_1)
FNDA:4,(anonymous_2)
DA:6,1
DA:7,20
DA:9,20
DA:10,72
DA:11,72
DA:13,72
DA:14,72
DA:16,72
DA:17,44
DA:19,44
DA:20,16
DA:21,28
DA:22,12
DA:24,16
DA:26,28
DA:27,8
DA:29,20
DA:32,72
DA:37,4
DA:38,4
DA:39,4
DA:40,4
DA:42,4
DA:43,4
LF:24
LH:24
BRDA:16,0,0,44
BRDA:16,0,1,28
BRDA:16,1,0,72
BRDA:16,1,1,52
BRDA:17,2,0,44
BRDA:17,2,1,20
BRDA:19,3,0,16
BRDA:19,3,1,28
BRDA:21,4,0,12
BRDA:21,4,1,16
BRDA:26,5,0,8
BRDA:26,5,1,20
BRDA:38,6,0,2
BRDA:38,6,1,2
BRDA:40,7,0,2
BRDA:40,7,1,2
BRF:16
BRH:16
end_of_record
TN:
SF:src/parse.js
FN:3,(anonymous_0)
FN:11,(anonymous_1)
FNF:2
FNH:2
FNDA:4,(anonymous_0)
FNDA:4,(anonymous_1)
DA:3,1
DA:4,4
DA:5,4
DA:7,0
DA:11,1
DA:12,4
DA:13,4
DA:15,0
LF:8
LH:6
BRF:0
BRH:0
end_of_record
TN:
SF:src/readFile.js
FN:5,(anonymous_0)
FNF:1
FNH:1
FNDA:12,(anonymous_0)
DA:6,12
DA:7,12
DA:8,12
DA:10,0
LF:4
LH:3
BRF:0
BRH:0
end_of_record
TN:
SF:src/options/makeDefault.js
FN:7,(anonymous_0)
FN:9,(anonymous_1)
FN:10,(anonymous_2)
FN:18,(anonymous_3)
FNF:4
FNH:4
FNDA:48,(anonymous_0)
FNDA:4,(anonymous_1)
FNDA:128,(anonymous_2)
FNDA:108,(anonymous_3)
DA:3,1
DA:4,1
DA:5,1
DA:7,48
DA:10,4
DA:11,128
DA:12,80
DA:15,48
DA:16,48
DA:18,48
DA:19,108
DA:20,28
DA:23,80
DA:24,16
DA:30,64
DA:31,20
DA:34,44
DA:35,8
DA:38,36
DA:41,48
DA:44,4
LF:21
LH:21
BRDA:10,0,0,4
BRDA:11,1,0,80
BRDA:11,1,1,48
BRDA:19,2,0,28
BRDA:19,2,1,80
BRDA:23,3,0,16
BRDA:23,3,1,64
BRDA:23,4,0,80
BRDA:23,4,1,36
BRDA:30,5,0,20
BRDA:30,5,1,44
BRDA:34,6,0,8
BRDA:34,6,1,36
BRF:13
BRH:13
end_of_record
